Determining if the pthread_create exist failed with the following output:
Change Dir: /home/cona/beacon/build/CMakeFiles/CMakeTmp

Run Build Command:"/usr/bin/make" "cmTC_abcb1/fast"
/usr/bin/make -f CMakeFiles/cmTC_abcb1.dir/build.make CMakeFiles/cmTC_abcb1.dir/build
make[1]: Entering directory '/home/cona/beacon/build/CMakeFiles/CMakeTmp'
Building C object CMakeFiles/cmTC_abcb1.dir/CheckSymbolExists.c.o
/usr/bin/cc     -o CMakeFiles/cmTC_abcb1.dir/CheckSymbolExists.c.o   -c /home/cona/beacon/build/CMakeFiles/CMakeTmp/CheckSymbolExists.c
Linking C executable cmTC_abcb1
/usr/bin/cmake -E cmake_link_script CMakeFiles/cmTC_abcb1.dir/link.txt --verbose=1
/usr/bin/cc       CMakeFiles/cmTC_abcb1.dir/CheckSymbolExists.c.o  -o cmTC_abcb1 -rdynamic 
CMakeFiles/cmTC_abcb1.dir/CheckSymbolExists.c.o: In function `main':
CheckSymbolExists.c:(.text+0x16): undefined reference to `pthread_create'
collect2: error: ld returned 1 exit status
CMakeFiles/cmTC_abcb1.dir/build.make:97: recipe for target 'cmTC_abcb1' failed
make[1]: *** [cmTC_abcb1] Error 1
make[1]: Leaving directory '/home/cona/beacon/build/CMakeFiles/CMakeTmp'
Makefile:126: recipe for target 'cmTC_abcb1/fast' failed
make: *** [cmTC_abcb1/fast] Error 2

File /home/cona/beacon/build/CMakeFiles/CMakeTmp/CheckSymbolExists.c:
/* */
#include <pthread.h>

int main(int argc, char** argv)
{
  (void)argv;
#ifndef pthread_create
  return ((int*)(&pthread_create))[argc];
#else
  (void)argc;
  return 0;
#endif
}

Determining if the function pthread_create exists in the pthreads failed with the following output:
Change Dir: /home/cona/beacon/build/CMakeFiles/CMakeTmp

Run Build Command:"/usr/bin/make" "cmTC_14398/fast"
/usr/bin/make -f CMakeFiles/cmTC_14398.dir/build.make CMakeFiles/cmTC_14398.dir/build
make[1]: Entering directory '/home/cona/beacon/build/CMakeFiles/CMakeTmp'
Building C object CMakeFiles/cmTC_14398.dir/CheckFunctionExists.c.o
/usr/bin/cc    -DCHECK_FUNCTION_EXISTS=pthread_create   -o CMakeFiles/cmTC_14398.dir/CheckFunctionExists.c.o   -c /usr/share/cmake-3.5/Modules/CheckFunctionExists.c
Linking C executable cmTC_14398
/usr/bin/cmake -E cmake_link_script CMakeFiles/cmTC_14398.dir/link.txt --verbose=1
/usr/bin/cc   -DCHECK_FUNCTION_EXISTS=pthread_create    CMakeFiles/cmTC_14398.dir/CheckFunctionExists.c.o  -o cmTC_14398 -rdynamic -lpthreads 
/usr/bin/ld: cannot find -lpthreads
collect2: error: ld returned 1 exit status
CMakeFiles/cmTC_14398.dir/build.make:97: recipe for target 'cmTC_14398' failed
make[1]: *** [cmTC_14398] Error 1
make[1]: Leaving directory '/home/cona/beacon/build/CMakeFiles/CMakeTmp'
Makefile:126: recipe for target 'cmTC_14398/fast' failed
make: *** [cmTC_14398/fast] Error 2


